<?xml version="1.0" encoding="UTF-8"?>
<!-- Generated by org.testng.reporters.JUnitReportReporter -->
<testsuite hostname="DESKTOP-SS381JC" failures="0" tests="1" name="org.execute.ExecutionClass" time="33.736" errors="0" timestamp="02 Jul 2024 08:00:59 GMT" skipped="0">
  <testcase classname="org.execute.ExecutionClass" name="checkMultipleUser" time="33.736"/>
</testsuite> <!-- org.execute.ExecutionClass -->
